Sent mail to matt.polito@gmail.com

Date: Thu, 16 Oct 2008 20:53:48 -0500
From: chicagoruby@reactioncontrol.com
Reply-To: matt.polito@gmail.com
To: matt.polito@gmail.com
Subject: ChicagoRuby.org from Gmail
Mime-Version: 1.0
Content-Type: multipart/alternative; boundary=mimepart_48f7f02ca9ec0_1854821e4921aa


--mimepart_48f7f02ca9ec0_1854821e4921aa
Content-Type: text/html; charset=utf-8
Content-Transfer-Encoding: Quoted-printable
Content-Disposition: inline

<p>Welcome to ChicagoRuby.org, Matt Polito</p>
<p>This is your email address: matt.polito@gmail.com</p>=

--mimepart_48f7f02ca9ec0_1854821e4921aa--
Sent mail to matt.polito@gmail.com

Date: Thu, 16 Oct 2008 20:57:46 -0500
From: chicagoruby@reactioncontrol.com
Reply-To: matt.polito@gmail.com
To: matt.polito@gmail.com
Subject: ChicagoRuby.org from Gmail
Mime-Version: 1.0
Content-Type: multipart/alternative; boundary=mimepart_48f7f11a153d8_1854821e492311


--mimepart_48f7f11a153d8_1854821e492311
Content-Type: text/html; charset=utf-8
Content-Transfer-Encoding: Quoted-printable
Content-Disposition: inline

<p>Welcome to ChicagoRuby.org, Matt Polito</p>
<p>This is your email address: matt.polito@gmail.com</p>=

--mimepart_48f7f11a153d8_1854821e492311--
Sent mail to matt.polito@gmail.com

Date: Thu, 16 Oct 2008 20:59:09 -0500
From: chicagoruby@reactioncontrol.com
Reply-To: matt.polito@gmail.com
To: matt.polito@gmail.com
Subject: ChicagoRuby.org from Gmail
Mime-Version: 1.0
Content-Type: multipart/alternative; boundary=mimepart_48f7f16dd90a8_1530821e49213


--mimepart_48f7f16dd90a8_1530821e49213
Content-Type: text/html; charset=utf-8
Content-Transfer-Encoding: Quoted-printable
Content-Disposition: inline

<p>Welcome to ChicagoRuby.org, Matt Polito</p>
<p>This is your email address: matt.polito@gmail.com</p>=

--mimepart_48f7f16dd90a8_1530821e49213--
